sample.interval=20000
"scan" "read.table" "read.csv" "best" 
"scan" "read.table" "read.csv" "best" 
"scan" "read.table" "read.csv" "best" 
"scan" "read.table" "read.csv" "best" 
"scan" "read.table" "read.csv" "best" 
"scan" "read.table" "read.csv" "best" 
"scan" "read.table" "read.csv" "best" 
"scan" "read.table" "read.csv" "best" 
"scan" "read.table" "read.csv" "best" 
"scan" "read.table" "read.csv" "best" 
"scan" "read.table" "read.csv" "best" 
"scan" "read.table" "read.csv" "best" 
"scan" "read.table" "read.csv" "best" 
"scan" "read.table" "read.csv" "best" 
"scan" "read.table" "read.csv" "best" 
"scan" "read.table" "read.csv" "best" 
"scan" "read.table" "read.csv" "best" 
"scan" "read.table" "read.csv" "best" 
"scan" "read.table" "read.csv" "best" 
"scan" "read.table" "read.csv" "best" 
"scan" "read.table" "read.csv" "best" 
"scan" "read.table" "read.csv" "best" 
"scan" "read.table" "read.csv" "best" 
"scan" "read.table" "read.csv" "best" 
"scan" "read.table" "read.csv" "best" 
"scan" "read.table" "read.csv" "best" 
"scan" "read.table" "read.csv" "best" 
"scan" "read.table" "read.csv" "best" 
"c" "eval" "eval" "match.arg" "pushBack" "read.table" "read.csv" "best" 
"scan" "read.table" "read.csv" "best" 
"scan" "read.table" "read.csv" "best" 
"scan" "read.table" "read.csv" "best" 
"scan" "read.table" "read.csv" "best" 
"scan" "read.table" "read.csv" "best" 
"scan" "read.table" "read.csv" "best" 
"scan" "read.table" "read.csv" "best" 
"scan" "read.table" "read.csv" "best" 
"scan" "read.table" "read.csv" "best" 
"make.names" "read.table" "read.csv" 
"scan" "read.table" "read.csv" 
"scan" "read.table" "read.csv" 
"scan" "read.table" "read.csv" 
"scan" "read.table" "read.csv" 
"scan" "read.table" "read.csv" 
"scan" "read.table" "read.csv" 
"scan" "read.table" "read.csv" 
"scan" "read.table" "read.csv" 
"scan" "read.table" "read.csv" 
"ls" "apropos" "normalCompletions" ".completeToken" 
"ls" "apropos" "normalCompletions" ".completeToken" 
"format.default" "format" "format.data.frame" "as.matrix" "print.data.frame" "<Anonymous>" 
"format.default" "format" "format.data.frame" "as.matrix" "print.data.frame" "<Anonymous>" 
"format.default" "format" "format.data.frame" "as.matrix" "print.data.frame" "<Anonymous>" 
"format.default" "format" "format.data.frame" "as.matrix" "print.data.frame" "<Anonymous>" 
"format.default" "format" "format.data.frame" "as.matrix" "print.data.frame" "<Anonymous>" 
"format.default" "format" "format.data.frame" "as.matrix" "print.data.frame" "<Anonymous>" 
"format.default" "format" "format.data.frame" "as.matrix" "print.data.frame" "<Anonymous>" 
"format.default" "format" "format.data.frame" "as.matrix" "print.data.frame" "<Anonymous>" 
"format.default" "format" "format.data.frame" "as.matrix" "print.data.frame" "<Anonymous>" 
"format.default" "format" "format.data.frame" "as.matrix" "print.data.frame" "<Anonymous>" 
"format.default" "format" "format.data.frame" "as.matrix" "print.data.frame" "<Anonymous>" 
"format.default" "format" "format.data.frame" "as.matrix" "print.data.frame" "<Anonymous>" 
"format.default" "format" "format.data.frame" "as.matrix" "print.data.frame" "<Anonymous>" 
"format.default" "format" "format.data.frame" "as.matrix" "print.data.frame" "<Anonymous>" 
"format.default" "format" "format.data.frame" "as.matrix" "print.data.frame" "<Anonymous>" 
"format.default" "format" "format.data.frame" "as.matrix" "print.data.frame" "<Anonymous>" 
"format.default" "format" "format.data.frame" "as.matrix" "print.data.frame" "<Anonymous>" 
"format.default" "format" "format.data.frame" "as.matrix" "print.data.frame" "<Anonymous>" 
"format.default" "format" "format.data.frame" "as.matrix" "print.data.frame" "<Anonymous>" 
"format.default" "format" "format.data.frame" "as.matrix" "print.data.frame" "<Anonymous>" 
"format.default" "format" "format.data.frame" "as.matrix" "print.data.frame" "<Anonymous>" 
"format.default" "format" "format.data.frame" "as.matrix" "print.data.frame" "<Anonymous>" 
"format.default" "format" "format.data.frame" "as.matrix" "print.data.frame" "<Anonymous>" 
"format.default" "format" "format.data.frame" "as.matrix" "print.data.frame" "<Anonymous>" 
"format.data.frame" "as.matrix" "print.data.frame" "<Anonymous>" 
"unlist" "as.matrix.data.frame" "as.matrix" "print.data.frame" "<Anonymous>" 
"print.default" "print" "print.data.frame" "<Anonymous>" 
"print.default" "print" "print.data.frame" "<Anonymous>" 
"print.default" "print" "print.data.frame" "<Anonymous>" 
"print.default" "print" "print.data.frame" "<Anonymous>" 
"print.default" "print" "print.data.frame" "<Anonymous>" 
"print.default" "print" "print.data.frame" "<Anonymous>" 
"print.default" "print" "print.data.frame" "<Anonymous>" 
"print.default" "print" "print.data.frame" "<Anonymous>" 
"print.default" "print" "print.data.frame" "<Anonymous>" 
"print.default" "print" "print.data.frame" "<Anonymous>" 
"print.default" "print" "print.data.frame" "<Anonymous>" 
"print.default" "print" "print.data.frame" "<Anonymous>" 
"print.default" "print" "print.data.frame" "<Anonymous>" 
"print.default" "print" "print.data.frame" "<Anonymous>" 
"print.default" "print" "print.data.frame" "<Anonymous>" 
"print.default" "print" "print.data.frame" "<Anonymous>" 
"print.default" "print" "print.data.frame" "<Anonymous>" 
"print.default" "print" "print.data.frame" "<Anonymous>" 
"print.default" "print" "print.data.frame" "<Anonymous>" 
"print.default" "print" "print.data.frame" "<Anonymous>" 
"print.default" "print" "print.data.frame" "<Anonymous>" 
"print.default" "print" "print.data.frame" "<Anonymous>" 
"print.default" "print" "print.data.frame" "<Anonymous>" 
"print.default" "print" "print.data.frame" "<Anonymous>" 
"print.default" "print" "print.data.frame" "<Anonymous>" 
"print.default" "print" "print.data.frame" "<Anonymous>" 
"print.default" "print" "print.data.frame" "<Anonymous>" 
"print.default" "print" "print.data.frame" "<Anonymous>" 
"print.default" "print" "print.data.frame" "<Anonymous>" 
"print.default" "print" "print.data.frame" "<Anonymous>" 
"[.data.frame" "[" 
"[.data.frame" "[" 
"[.data.frame" "[" 
"[.data.frame" "[" 
"getNamespace" "asNamespace" "getExportedValue" "::" "source" 
"parent.frame" "FUN" "lapply" "sapply" "read.table" "read.csv" "best" 
"scan" "read.table" "read.csv" "best" 
"scan" "read.table" "read.csv" "best" 
"scan" "read.table" "read.csv" "best" 
"scan" "read.table" "read.csv" "best" 
"scan" "read.table" "read.csv" "best" 
"scan" "read.table" "read.csv" "best" 
"scan" "read.table" "read.csv" "best" 
"scan" "read.table" "read.csv" "best" 
"scan" "read.table" "read.csv" "best" 
"scan" "read.table" "read.csv" "best" 
"scan" "read.table" "read.csv" "best" 
"scan" "read.table" "read.csv" "best" 
"scan" "read.table" "read.csv" "best" 
"scan" "read.table" "read.csv" "best" 
"scan" "read.table" "read.csv" "best" 
"scan" "read.table" "read.csv" "best" 
"scan" "read.table" "read.csv" "best" 
"scan" "read.table" "read.csv" "best" 
"ls" "apropos" "normalCompletions" ".completeToken" 
".deparseOpts" "deparse" "mode" "match" "%in%" "deparse" "paste" "as.data.frame.AsIs" "as.data.frame" "<Anonymous>" "do.call" "as.data.frame.list" "format.data.frame" "as.matrix" "print.data.frame" "<Anonymous>" 
"pmatch" "[.data.frame" "[" 
"length" "length" "as.data.frame.AsIs" "as.data.frame" "<Anonymous>" "do.call" "as.data.frame.list" "format.data.frame" "as.matrix" "print.data.frame" "<Anonymous>" 
"print.default" "print" "print.data.frame" "<Anonymous>" 
"print.default" "print" "print.data.frame" "<Anonymous>" 
"print.default" "print" "print.data.frame" "<Anonymous>" 
"print.default" "print" "print.data.frame" "<Anonymous>" 
"print.default" "print" "print.data.frame" "<Anonymous>" 
"print.default" "print" "print.data.frame" "<Anonymous>" 
"print.default" "print" "print.data.frame" "<Anonymous>" 
"print.default" "print" "print.data.frame" "<Anonymous>" 
"print.default" "print" "print.data.frame" "<Anonymous>" 
"print.default" "print" "print.data.frame" "<Anonymous>" 
"print.default" "print" "print.data.frame" "<Anonymous>" 
"print.default" "print" "print.data.frame" "<Anonymous>" 
"print.default" "print" "print.data.frame" "<Anonymous>" 
"scan" "read.table" "read.csv" "best" 
"scan" "read.table" "read.csv" "best" 
"scan" "read.table" "read.csv" "best" 
"scan" "read.table" "read.csv" "best" 
"scan" "read.table" "read.csv" "best" 
"scan" "read.table" "read.csv" "best" 
"scan" "read.table" "read.csv" "best" 
"scan" "read.table" "read.csv" "best" 
"scan" "read.table" "read.csv" "best" 
"scan" "read.table" "read.csv" "best" 
"scan" "read.table" "read.csv" "best" 
"scan" "read.table" "read.csv" "best" 
"scan" "read.table" "read.csv" "best" 
"scan" "read.table" "read.csv" "best" 
"scan" "read.table" "read.csv" "best" 
"scan" "read.table" "read.csv" "best" 
"scan" "read.table" "read.csv" "best" 
"scan" "read.table" "read.csv" "best" 
"scan" "read.table" "read.csv" "best" 
"scan" "read.table" "read.csv" "best" 
"print.default" "print" "print.data.frame" "<Anonymous>" 
"scan" "read.table" "read.csv" "best" 
"scan" "read.table" "read.csv" "best" 
"scan" "read.table" "read.csv" "best" 
"scan" "read.table" "read.csv" "best" 
"scan" "read.table" "read.csv" "best" 
"scan" "read.table" "read.csv" "best" 
"scan" "read.table" "read.csv" "best" 
"scan" "read.table" "read.csv" "best" 
"scan" "read.table" "read.csv" "best" 
"scan" "read.table" "read.csv" "best" 
"scan" "read.table" "read.csv" "best" 
"scan" "read.table" "read.csv" "best" 
"scan" "read.table" "read.csv" "best" 
"scan" "read.table" "read.csv" "best" 
"scan" "read.table" "read.csv" "best" 
"scan" "read.table" "read.csv" "best" 
"scan" "read.table" "read.csv" "best" 
"scan" "read.table" "read.csv" "best" 
"scan" "read.table" "read.csv" "best" 
"scan" "read.table" "read.csv" "best" 
"scan" "read.table" "read.csv" "best" 
"scan" "read.table" "read.csv" "best" 
"scan" "read.table" "read.csv" "best" 
"scan" "read.table" "read.csv" "best" 
"scan" "read.table" "read.csv" "best" 
"scan" "read.table" "read.csv" "best" 
"scan" "read.table" "read.csv" "best" 
"scan" "read.table" "read.csv" "best" 
"scan" "read.table" "read.csv" "best" 
"scan" "read.table" "read.csv" "best" 
"scan" "read.table" "read.csv" "best" 
"scan" "read.table" "read.csv" "best" 
"scan" "read.table" "read.csv" "best" 
"scan" "read.table" "read.csv" "best" 
"scan" "read.table" "read.csv" "best" 
"scan" "read.table" "read.csv" "best" 
"scan" "read.table" "read.csv" "best" 
"scan" "read.table" "read.csv" "best" 
"scan" "read.table" "read.csv" "best" 
"scan" "read.table" "read.csv" "best" 
"scan" "read.table" "read.csv" "best" 
"scan" "read.table" "read.csv" "best" 
"scan" "read.table" "read.csv" "best" 
"scan" "read.table" "read.csv" "best" 
"scan" "read.table" "read.csv" "best" 
"scan" "read.table" "read.csv" "best" 
"scan" "read.table" "read.csv" "best" 
"scan" "read.table" "read.csv" "best" 
"scan" "read.table" "read.csv" "best" 
"scan" "read.table" "read.csv" "best" 
"scan" "read.table" "read.csv" "best" 
"[.data.frame" "[" "best" 
"scan" "read.table" "read.csv" "best" 
"scan" "read.table" "read.csv" "best" 
"scan" "read.table" "read.csv" "best" 
"scan" "read.table" "read.csv" "best" 
"scan" "read.table" "read.csv" "best" 
"scan" "read.table" "read.csv" "best" 
"scan" "read.table" "read.csv" "best" 
"scan" "read.table" "read.csv" "best" 
"scan" "read.table" "read.csv" "best" 
"scan" "read.table" "read.csv" "best" 
"scan" "read.table" "read.csv" "best" 
"scan" "read.table" "read.csv" "best" 
"scan" "read.table" "read.csv" "best" 
"scan" "read.table" "read.csv" "best" 
"scan" "read.table" "read.csv" "best" 
"scan" "read.table" "read.csv" "best" 
"scan" "read.table" "read.csv" "best" 
"scan" "read.table" "read.csv" "best" 
"scan" "read.table" "read.csv" "best" 
"scan" "read.table" "read.csv" "best" 
"scan" "read.table" "read.csv" "best" 
"scan" "read.table" "read.csv" "best" 
"make.names" "read.table" "read.csv" "best" 
"scan" "read.table" "read.csv" "best" 
"scan" "read.table" "read.csv" "best" 
"scan" "read.table" "read.csv" "best" 
"scan" "read.table" "read.csv" "best" 
"scan" "read.table" "read.csv" "best" 
"scan" "read.table" "read.csv" "best" 
"scan" "read.table" "read.csv" "best" 
"scan" "read.table" "read.csv" "best" 
"scan" "read.table" "read.csv" "best" 
"scan" "read.table" "read.csv" "best" 
"scan" "read.table" "read.csv" "best" 
"scan" "read.table" "read.csv" "best" 
"scan" "read.table" "read.csv" "best" 
"scan" "read.table" "read.csv" "best" 
"scan" "read.table" "read.csv" "best" 
"scan" "read.table" "read.csv" "best" 
"scan" "read.table" "read.csv" "best" 
"scan" "read.table" "read.csv" "best" 
"scan" "read.table" "read.csv" "best" 
"scan" "read.table" "read.csv" "best" 
"scan" "read.table" "read.csv" "best" 
"scan" "read.table" "read.csv" "best" 
"scan" "read.table" "read.csv" "best" 
"scan" "read.table" "read.csv" "best" 
"scan" "read.table" "read.csv" "best" 
"scan" "read.table" "read.csv" "best" 
"scan" "read.table" "read.csv" "best" 
"scan" "read.table" "read.csv" "best" 
"print.default" "print" "print.data.frame" "<Anonymous>" 
"scan" "read.table" "read.csv" "best" 
"scan" "read.table" "read.csv" "best" 
"scan" "read.table" "read.csv" "best" 
"scan" "read.table" "read.csv" "best" 
"scan" "read.table" "read.csv" "best" 
"scan" "read.table" "read.csv" "best" 
"scan" "read.table" "read.csv" "best" 
"scan" "read.table" "read.csv" "best" 
"scan" "read.table" "read.csv" "best" 
"scan" "read.table" "read.csv" "best" 
"grep" "utils::localeToCharset" "source" 
"scan" "read.table" "read.csv" "best" 
"scan" "read.table" "read.csv" "best" 
"scan" "read.table" "read.csv" "best" 
"scan" "read.table" "read.csv" "best" 
"scan" "read.table" "read.csv" "best" 
"scan" "read.table" "read.csv" "best" 
"scan" "read.table" "read.csv" "best" 
"scan" "read.table" "read.csv" "best" 
"scan" "read.table" "read.csv" "best" 
"scan" "read.table" "read.csv" "best" 
"scan" "read.table" "read.csv" "best" 
"scan" "read.table" "read.csv" "best" 
"scan" "read.table" "read.csv" "best" 
"ls" "apropos" "normalCompletions" ".completeToken" 
"format.default" "format" "format.data.frame" "as.matrix" "print.data.frame" "<Anonymous>" 
"format.default" "format" "format.data.frame" "as.matrix" "print.data.frame" "<Anonymous>" 
"print.default" "print" "print.data.frame" "<Anonymous>" 
"print.default" "print" "print.data.frame" "<Anonymous>" 
"print.default" "print" "print.data.frame" "<Anonymous>" 
"print.default" "print" "print.data.frame" "<Anonymous>" 
"print.default" "print" "print.data.frame" "<Anonymous>" 
"print.default" "print" "print.data.frame" "<Anonymous>" 
"print.default" "print" "print.data.frame" "<Anonymous>" 
"print.default" "print" "print.data.frame" "<Anonymous>" 
"print.default" "print" "print.data.frame" "<Anonymous>" 
"print.default" "print" "print.data.frame" "<Anonymous>" 
"print.default" "print" "print.data.frame" "<Anonymous>" 
"print.default" "print" "print.data.frame" "<Anonymous>" 
"print.default" "print" "print.data.frame" "<Anonymous>" 
".External" "read.table" "read.csv" "best" 
"scan" "read.table" "read.csv" "best" 
"scan" "read.table" "read.csv" "best" 
"scan" "read.table" "read.csv" "best" 
"scan" "read.table" "read.csv" "best" 
"scan" "read.table" "read.csv" "best" 
"scan" "read.table" "read.csv" "best" 
"scan" "read.table" "read.csv" "best" 
"scan" "read.table" "read.csv" "best" 
"scan" "read.table" "read.csv" "best" 
"options" "match" "%in%" "getOption" "file" "source" 
"scan" "read.table" "read.csv" "best" 
"scan" "read.table" "read.csv" "best" 
"scan" "read.table" "read.csv" "best" 
"scan" "read.table" "read.csv" "best" 
"scan" "read.table" "read.csv" "best" 
"scan" "read.table" "read.csv" "best" 
"scan" "read.table" "read.csv" "best" 
"scan" "read.table" "read.csv" "best" 
"scan" "read.table" "read.csv" "best" 
"format.default" "format" "format.data.frame" "as.matrix" "print.data.frame" "<Anonymous>" 
".External" "read.table" "read.csv" "best" 
"scan" "read.table" "read.csv" "best" 
"scan" "read.table" "read.csv" "best" 
"scan" "read.table" "read.csv" "best" 
"scan" "read.table" "read.csv" "best" 
"scan" "read.table" "read.csv" "best" 
"scan" "read.table" "read.csv" "best" 
"scan" "read.table" "read.csv" "best" 
"scan" "read.table" "read.csv" "best" 
"scan" "read.table" "read.csv" "best" 
"scan" "read.table" "read.csv" "best" 
"scan" "read.table" "read.csv" "best" 
"scan" "read.table" "read.csv" "best" 
"scan" "read.table" "read.csv" "best" 
"scan" "read.table" "read.csv" "best" 
"scan" "read.table" "read.csv" "best" 
"scan" "read.table" "read.csv" "best" 
"scan" "read.table" "read.csv" "best" 
"scan" "read.table" "read.csv" "best" 
"scan" "read.table" "read.csv" "best" 
"scan" "read.table" "read.csv" "best" 
"scan" "read.table" "read.csv" "best" 
"scan" "read.table" "read.csv" "best" 
"scan" "read.table" "read.csv" "best" 
"scan" "read.table" "read.csv" "best" 
"scan" "read.table" "read.csv" "best" 
"scan" "read.table" "read.csv" "best" 
"scan" "read.table" "read.csv" "best" 
"scan" "read.table" "read.csv" "best" 
"<Anonymous>" "[[.data.frame" "[[" "[.data.frame" "[" "best" 
"scan" "read.table" "read.csv" "best" 
"scan" "read.table" "read.csv" "best" 
"scan" "read.table" "read.csv" "best" 
"scan" "read.table" "read.csv" "best" 
"scan" "read.table" "read.csv" "best" 
"scan" "read.table" "read.csv" "best" 
"scan" "read.table" "read.csv" "best" 
"scan" "read.table" "read.csv" "best" 
"scan" "read.table" "read.csv" "best" 
"scan" "read.table" "read.csv" "best" 
"scan" "read.table" "read.csv" "best" 
"scan" "read.table" "read.csv" "best" 
"scan" "read.table" "read.csv" "best" 
"scan" "read.table" "read.csv" "best" 
"scan" "read.table" "read.csv" "best" 
"scan" "read.table" "read.csv" "best" 
"scan" "read.table" "read.csv" "best" 
"scan" "read.table" "read.csv" "best" 
"scan" "read.table" "read.csv" "best" 
"scan" "read.table" "read.csv" "best" 
"scan" "read.table" "read.csv" "best" 
"scan" "read.table" "read.csv" "best" 
"scan" "read.table" "read.csv" "best" 
"scan" "read.table" "read.csv" "best" 
"scan" "read.table" "read.csv" "best" 
"scan" "read.table" "read.csv" "best" 
"scan" "read.table" "read.csv" "best" 
"scan" "read.table" "read.csv" "best" 
"scan" "read.table" "read.csv" "best" 
"[.data.frame" "[" "best" 
"scan" "read.table" "read.csv" "best" 
"scan" "read.table" "read.csv" "best" 
"scan" "read.table" "read.csv" "best" 
"scan" "read.table" "read.csv" "best" 
"scan" "read.table" "read.csv" "best" 
"scan" "read.table" "read.csv" "best" 
"scan" "read.table" "read.csv" "best" 
"scan" "read.table" "read.csv" "best" 
"scan" "read.table" "read.csv" "best" 
"formals" "match.arg" "format.default" "format" "format.data.frame" "as.matrix" "print.data.frame" "<Anonymous>" 
"make.names" "read.table" "read.csv" "best" 
"scan" "read.table" "read.csv" "best" 
"scan" "read.table" "read.csv" "best" 
"scan" "read.table" "read.csv" "best" 
"scan" "read.table" "read.csv" "best" 
"scan" "read.table" "read.csv" "best" 
"scan" "read.table" "read.csv" "best" 
"scan" "read.table" "read.csv" "best" 
"scan" "read.table" "read.csv" "best" 
"scan" "read.table" "read.csv" "best" 
"scan" "read.table" "read.csv" "best" 
"scan" "read.table" "read.csv" "best" 
"scan" "read.table" "read.csv" "best" 
"scan" "read.table" "read.csv" "best" 
"scan" "read.table" "read.csv" "best" 
"scan" "read.table" "read.csv" "best" 
"scan" "read.table" "read.csv" "best" 
"scan" "read.table" "read.csv" "best" 
"scan" "read.table" "read.csv" "best" 
"scan" "read.table" "read.csv" "best" 
"scan" "read.table" "read.csv" "best" 
"scan" "read.table" "read.csv" "best" 
"scan" "read.table" "read.csv" "best" 
"make.names" "read.table" "read.csv" "best" 
"scan" "read.table" "read.csv" "best" 
"scan" "read.table" "read.csv" "best" 
"scan" "read.table" "read.csv" "best" 
"scan" "read.table" "read.csv" "best" 
"scan" "read.table" "read.csv" "best" 
"scan" "read.table" "read.csv" "best" 
"scan" "read.table" "read.csv" "best" 
"scan" "read.table" "read.csv" "best" 
"scan" "read.table" "read.csv" "best" 
"scan" "read.table" "read.csv" "best" 
"scan" "read.table" "read.csv" "best" 
"scan" "read.table" "read.csv" "best" 
"scan" "read.table" "read.csv" "best" 
"scan" "read.table" "read.csv" "best" 
"scan" "read.table" "read.csv" "best" 
"scan" "read.table" "read.csv" "best" 
"scan" "read.table" "read.csv" "best" 
"scan" "read.table" "read.csv" "best" 
"scan" "read.table" "read.csv" "best" 
"scan" "read.table" "read.csv" "best" 
"scan" "read.table" "read.csv" "best" 
"scan" "read.table" "read.csv" "best" 
"scan" "read.table" "read.csv" "best" 
"scan" "read.table" "read.csv" "best" 
"scan" "read.table" "read.csv" "best" 
"scan" "read.table" "read.csv" "best" 
"scan" "read.table" "read.csv" "best" 
"scan" "read.table" "read.csv" "best" 
".External" "read.table" "read.csv" "best" 
"scan" "read.table" "read.csv" "best" 
"scan" "read.table" "read.csv" "best" 
"scan" "read.table" "read.csv" "best" 
"scan" "read.table" "read.csv" "best" 
"scan" "read.table" "read.csv" "best" 
"scan" "read.table" "read.csv" "best" 
"scan" "read.table" "read.csv" "best" 
"scan" "read.table" "read.csv" "best" 
"scan" "read.table" "read.csv" "best" 
"make.names" "read.table" "read.csv" "best" 
"scan" "read.table" "read.csv" "best" 
"scan" "read.table" "read.csv" "best" 
"scan" "read.table" "read.csv" "best" 
"scan" "read.table" "read.csv" "best" 
"scan" "read.table" "read.csv" "best" 
"scan" "read.table" "read.csv" "best" 
"scan" "read.table" "read.csv" "best" 
"scan" "read.table" "read.csv" "best" 
"scan" "read.table" "read.csv" "best" 
"scan" "read.table" "read.csv" "best" 
"scan" "read.table" "read.csv" "best" 
"scan" "read.table" "read.csv" "best" 
"scan" "read.table" "read.csv" "best" 
"scan" "read.table" "read.csv" "best" 
"scan" "read.table" "read.csv" "best" 
"scan" "read.table" "read.csv" "best" 
"scan" "read.table" "read.csv" "best" 
"scan" "read.table" "read.csv" "best" 
"scan" "read.table" "read.csv" "best" 
"make.names" "read.table" "read.csv" "best" 
"scan" "read.table" "read.csv" "best" 
"scan" "read.table" "read.csv" "best" 
"scan" "read.table" "read.csv" "best" 
"scan" "read.table" "read.csv" "best" 
"scan" "read.table" "read.csv" "best" 
"scan" "read.table" "read.csv" "best" 
"scan" "read.table" "read.csv" "best" 
"scan" "read.table" "read.csv" "best" 
"scan" "read.table" "read.csv" "best" 
"make.names" "read.table" "read.csv" "best" 
"scan" "read.table" "read.csv" "best" 
"scan" "read.table" "read.csv" "best" 
"scan" "read.table" "read.csv" "best" 
"scan" "read.table" "read.csv" "best" 
"scan" "read.table" "read.csv" "best" 
"scan" "read.table" "read.csv" "best" 
"scan" "read.table" "read.csv" "best" 
"scan" "read.table" "read.csv" "best" 
"scan" "read.table" "read.csv" "best" 
"unlist" "order" "make.names" "read.table" "read.csv" "best" 
"scan" "read.table" "read.csv" "best" 
"scan" "read.table" "read.csv" "best" 
"scan" "read.table" "read.csv" "best" 
"scan" "read.table" "read.csv" "best" 
"scan" "read.table" "read.csv" "best" 
"scan" "read.table" "read.csv" "best" 
"scan" "read.table" "read.csv" "best" 
"scan" "read.table" "read.csv" "best" 
"scan" "read.table" "read.csv" "best" 
"file" "read.table" "read.csv" "best" 
"scan" "read.table" "read.csv" "best" 
"scan" "read.table" "read.csv" "best" 
"scan" "read.table" "read.csv" "best" 
"scan" "read.table" "read.csv" "best" 
"scan" "read.table" "read.csv" "best" 
"scan" "read.table" "read.csv" "best" 
"scan" "read.table" "read.csv" "best" 
"scan" "read.table" "read.csv" "best" 
"scan" "read.table" "read.csv" "best" 
"scan" "read.table" "read.csv" "best" 
"scan" "read.table" "read.csv" "best" 
"scan" "read.table" "read.csv" "best" 
"unlist" "simplify2array" "sapply" "read.table" "read.csv" "best" 
"scan" "read.table" "read.csv" "best" 
"scan" "read.table" "read.csv" "best" 
"scan" "read.table" "read.csv" "best" 
"scan" "read.table" "read.csv" "best" 
"scan" "read.table" "read.csv" "best" 
"scan" "read.table" "read.csv" "best" 
"scan" "read.table" "read.csv" "best" 
"scan" "read.table" "read.csv" "best" 
"scan" "read.table" "read.csv" "best" 
"scan" "read.table" "read.csv" "best" 
"scan" "read.table" "read.csv" "best" 
"scan" "read.table" "read.csv" "best" 
"scan" "read.table" "read.csv" "best" 
"scan" "read.table" "read.csv" "best" 
"scan" "read.table" "read.csv" "best" 
"scan" "read.table" "read.csv" "best" 
"scan" "read.table" "read.csv" "best" 
"scan" "read.table" "read.csv" "best" 
"make.names" "read.table" "read.csv" "best" 
"scan" "read.table" "read.csv" "best" 
"scan" "read.table" "read.csv" "best" 
"scan" "read.table" "read.csv" "best" 
"scan" "read.table" "read.csv" "best" 
"scan" "read.table" "read.csv" "best" 
"scan" "read.table" "read.csv" "best" 
"scan" "read.table" "read.csv" "best" 
"scan" "read.table" "read.csv" "best" 
"scan" "read.table" "read.csv" "best" 
"scan" "read.table" "read.csv" "best" 
"scan" "read.table" "read.csv" "best" 
"scan" "read.table" "read.csv" "best" 
".External" "read.table" "read.csv" "best" 
"scan" "read.table" "read.csv" "best" 
"scan" "read.table" "read.csv" "best" 
"scan" "read.table" "read.csv" "best" 
"scan" "read.table" "read.csv" "best" 
"scan" "read.table" "read.csv" "best" 
"scan" "read.table" "read.csv" "best" 
"scan" "read.table" "read.csv" "best" 
"scan" "read.table" "read.csv" "best" 
"scan" "read.table" "read.csv" "best" 
"scan" "read.table" "read.csv" "best" 
"scan" "read.table" "read.csv" "best" 
"scan" "read.table" "read.csv" "best" 
"scan" "read.table" "read.csv" "best" 
"scan" "read.table" "read.csv" "best" 
"scan" "read.table" "read.csv" "best" 
"scan" "read.table" "read.csv" "best" 
"scan" "read.table" "read.csv" "best" 
"scan" "read.table" "read.csv" "best" 
"scan" "read.table" "read.csv" "best" 
"readRDS" "index.search" "help" "eval" "eval" "?" 
"sapply" "RdTags" "writeContent" "writeQ" "writeBlock" "writeContent" "writeSection" "tools::Rd2txt" "print.help_files_with_topic" "<Anonymous>" 
"strwrap" "flushBuffer" "blankLine" "writeSection" "tools::Rd2txt" "print.help_files_with_topic" "<Anonymous>" 
"scan" "read.table" "read.csv" "best" 
"scan" "read.table" "read.csv" "best" 
"scan" "read.table" "read.csv" "best" 
"scan" "read.table" "read.csv" "best" 
"scan" "read.table" "read.csv" "best" 
"scan" "read.table" "read.csv" "best" 
"scan" "read.table" "read.csv" "best" 
"scan" "read.table" "read.csv" "best" 
"scan" "read.table" "read.csv" "best" 
"scan" "read.table" "read.csv" "best" 
"make.names" "read.table" "read.csv" "best" 
"scan" "read.table" "read.csv" "best" 
"scan" "read.table" "read.csv" "best" 
"scan" "read.table" "read.csv" "best" 
"scan" "read.table" "read.csv" "best" 
"scan" "read.table" "read.csv" "best" 
"scan" "read.table" "read.csv" "best" 
"scan" "read.table" "read.csv" "best" 
"scan" "read.table" "read.csv" "best" 
"scan" "read.table" "read.csv" "best" 
"scan" "read.table" "read.csv" "best" 
"match" "%in%" "fun" "lazyLoadDBexec" "tools:::fetchRdDB" ".getHelpFile" "prepare_Rd" "tools::Rd2txt" "print.help_files_with_topic" "<Anonymous>" 
"strwrap" "flushBuffer" "blankLine" "writeSection" "tools::Rd2txt" "print.help_files_with_topic" "<Anonymous>" 
"strwrap" "flushBuffer" "blankLine" "writeSection" "tools::Rd2txt" "print.help_files_with_topic" "<Anonymous>" 
"strwrap" "flushBuffer" "blankLine" "writeSection" "tools::Rd2txt" "print.help_files_with_topic" "<Anonymous>" 
"character" "flushBuffer" "blankLine" "writeSection" "tools::Rd2txt" "print.help_files_with_topic" "<Anonymous>" 
"make.names" "read.table" "read.csv" "best" 
"scan" "read.table" "read.csv" "best" 
"scan" "read.table" "read.csv" "best" 
"scan" "read.table" "read.csv" "best" 
"scan" "read.table" "read.csv" "best" 
"scan" "read.table" "read.csv" "best" 
"scan" "read.table" "read.csv" "best" 
"scan" "read.table" "read.csv" "best" 
"scan" "read.table" "read.csv" "best" 
"scan" "read.table" "read.csv" "best" 
".External2" "type.convert" "read.table" "read.csv" "best" 
".External2" "type.convert" "read.table" "read.csv" "best" 
"getNamespace" "asNamespace" "getExportedValue" "::" "source" 
"scan" "read.table" "read.csv" "best" 
"scan" "read.table" "read.csv" "best" 
"scan" "read.table" "read.csv" "best" 
"scan" "read.table" "read.csv" "best" 
"scan" "read.table" "read.csv" "best" 
"scan" "read.table" "read.csv" "best" 
"scan" "read.table" "read.csv" "best" 
"scan" "read.table" "read.csv" "best" 
"scan" "read.table" "read.csv" "best" 
".External2" "type.convert" "read.table" "read.csv" "best" 
".External2" "type.convert" "read.table" "read.csv" "best" 
"[.factor" "[" "[.data.frame" "[" "best" 
"scan" "read.table" "read.csv" "best" 
"scan" "read.table" "read.csv" "best" 
"scan" "read.table" "read.csv" "best" 
"scan" "read.table" "read.csv" "best" 
"scan" "read.table" "read.csv" "best" 
"scan" "read.table" "read.csv" "best" 
"scan" "read.table" "read.csv" "best" 
"scan" "read.table" "read.csv" "best" 
"scan" "read.table" "read.csv" "best" 
"scan" "read.table" "read.csv" "best" 
"scan" "read.table" "read.csv" "best" 
"scan" "read.table" "read.csv" "best" 
"scan" "read.table" "read.csv" "best" 
"scan" "read.table" "read.csv" "best" 
"scan" "read.table" "read.csv" "best" 
"scan" "read.table" "read.csv" "best" 
"scan" "read.table" "read.csv" "best" 
"scan" "read.table" "read.csv" "best" 
"best" 
"scan" "read.table" "read.csv" "best" 
"scan" "read.table" "read.csv" "best" 
"scan" "read.table" "read.csv" "best" 
"scan" "read.table" "read.csv" "best" 
"scan" "read.table" "read.csv" "best" 
"scan" "read.table" "read.csv" "best" 
"scan" "read.table" "read.csv" "best" 
"scan" "read.table" "read.csv" "best" 
"scan" "read.table" "read.csv" "best" 
"scan" "read.table" "read.csv" "best" 
"scan" "read.table" "read.csv" "best" 
"scan" "read.table" "read.csv" "best" 
"scan" "read.table" "read.csv" "best" 
"scan" "read.table" "read.csv" "best" 
"scan" "read.table" "read.csv" "best" 
"scan" "read.table" "read.csv" "best" 
"scan" "read.table" "read.csv" "best" 
"scan" "read.table" "read.csv" "best" 
"scan" "read.table" "read.csv" "best" 
"fsub" "writeCode" "writeCodeBlock" "writeSection" "tools::Rd2txt" "print.help_files_with_topic" "<Anonymous>" 
"integer" "strwrap" "flushBuffer" "blankLine" "writeSection" "tools::Rd2txt" "print.help_files_with_topic" "<Anonymous>" 
"scan" "read.table" "read.csv" "best" 
"scan" "read.table" "read.csv" "best" 
"scan" "read.table" "read.csv" "best" 
"scan" "read.table" "read.csv" "best" 
"scan" "read.table" "read.csv" "best" 
"scan" "read.table" "read.csv" "best" 
"scan" "read.table" "read.csv" "best" 
"scan" "read.table" "read.csv" "best" 
"scan" "read.table" "read.csv" "best" 
"scan" "read.table" "read.csv" "best" 
"scan" "read.table" "read.csv" "best" 
"scan" "read.table" "read.csv" "best" 
"scan" "read.table" "read.csv" "best" 
"scan" "read.table" "read.csv" "best" 
"scan" "read.table" "read.csv" "best" 
"scan" "read.table" "read.csv" "best" 
"scan" "read.table" "read.csv" "best" 
"scan" "read.table" "read.csv" "best" 
"scan" "read.table" "read.csv" "best" 
"[.data.frame" "[" "best" 
"scan" "read.table" "read.csv" "best" 
"scan" "read.table" "read.csv" "best" 
"scan" "read.table" "read.csv" "best" 
"scan" "read.table" "read.csv" "best" 
"scan" "read.table" "read.csv" "best" 
"scan" "read.table" "read.csv" "best" 
"scan" "read.table" "read.csv" "best" 
"scan" "read.table" "read.csv" "best" 
"scan" "read.table" "read.csv" "best" 
"[.data.frame" "[" "best" 
"scan" "read.table" "read.csv" "best" 
"scan" "read.table" "read.csv" "best" 
"scan" "read.table" "read.csv" "best" 
"scan" "read.table" "read.csv" "best" 
"scan" "read.table" "read.csv" "best" 
"scan" "read.table" "read.csv" "best" 
"scan" "read.table" "read.csv" "best" 
"scan" "read.table" "read.csv" "best" 
"scan" "read.table" "read.csv" "best" 
"scan" "read.table" "read.csv" "best" 
"scan" "read.table" "read.csv" "best" 
"scan" "read.table" "read.csv" "best" 
"scan" "read.table" "read.csv" "best" 
"scan" "read.table" "read.csv" "best" 
"scan" "read.table" "read.csv" "best" 
"scan" "read.table" "read.csv" "best" 
"scan" "read.table" "read.csv" "best" 
"scan" "read.table" "read.csv" "best" 
"scan" "read.table" "read.csv" "best" 
"scan" "read.table" "read.csv" "best" 
"scan" "read.table" "read.csv" "best" 
"==" "[.data.frame" "[" "best" 
"scan" "read.table" "read.csv" "best" 
"scan" "read.table" "read.csv" "best" 
"scan" "read.table" "read.csv" "best" 
"scan" "read.table" "read.csv" "best" 
"scan" "read.table" "read.csv" "best" 
"scan" "read.table" "read.csv" "best" 
"scan" "read.table" "read.csv" "best" 
"scan" "read.table" "read.csv" "best" 
"scan" "read.table" "read.csv" "best" 
"scan" "read.table" "read.csv" "best" 
"scan" "read.table" "read.csv" "best" 
"scan" "read.table" "read.csv" "best" 
"scan" "read.table" "read.csv" "best" 
"scan" "read.table" "read.csv" "best" 
"scan" "read.table" "read.csv" "best" 
"scan" "read.table" "read.csv" "best" 
"scan" "read.table" "read.csv" "best" 
"scan" "read.table" "read.csv" "best" 
"scan" "read.table" "read.csv" "best" 
"scan" "read.table" "read.csv" "best" 
"scan" "read.table" "read.csv" "best" 
"scan" "read.table" "read.csv" "best" 
"scan" "read.table" "read.csv" "best" 
"scan" "read.table" "read.csv" "best" 
"scan" "read.table" "read.csv" "best" 
"scan" "read.table" "read.csv" "best" 
"scan" "read.table" "read.csv" "best" 
"scan" "read.table" "read.csv" "best" 
"scan" "read.table" "read.csv" "best" 
"scan" "read.table" "read.csv" "best" 
"scan" "read.table" "read.csv" "best" 
"scan" "read.table" "read.csv" "best" 
"scan" "read.table" "read.csv" "best" 
"scan" "read.table" "read.csv" "best" 
"scan" "read.table" "read.csv" "best" 
"scan" "read.table" "read.csv" "best" 
"scan" "read.table" "read.csv" "best" 
"<Anonymous>" "[[.data.frame" "[[" "[.data.frame" "[" "best" 
"scan" "read.table" "read.csv" "best" 
"scan" "read.table" "read.csv" "best" 
"scan" "read.table" "read.csv" "best" 
"scan" "read.table" "read.csv" "best" 
"scan" "read.table" "read.csv" "best" 
"scan" "read.table" "read.csv" "best" 
"scan" "read.table" "read.csv" "best" 
"scan" "read.table" "read.csv" "best" 
"scan" "read.table" "read.csv" "best" 
"scan" "read.table" "read.csv" "best" 
"scan" "read.table" "read.csv" "best" 
"scan" "read.table" "read.csv" "best" 
"scan" "read.table" "read.csv" "best" 
"scan" "read.table" "read.csv" "best" 
"scan" "read.table" "read.csv" "best" 
"scan" "read.table" "read.csv" "best" 
"scan" "read.table" "read.csv" "best" 
"scan" "read.table" "read.csv" "best" 
"scan" "read.table" "read.csv" "best" 
"scan" "read.table" "read.csv" "best" 
"scan" "read.table" "read.csv" "best" 
"scan" "read.table" "read.csv" "best" 
"scan" "read.table" "read.csv" "best" 
"scan" "read.table" "read.csv" "best" 
"scan" "read.table" "read.csv" "best" 
"scan" "read.table" "read.csv" "best" 
"scan" "read.table" "read.csv" "best" 
"scan" "read.table" "read.csv" "best" 
"scan" "read.table" "read.csv" "best" 
"scan" "read.table" "read.csv" "best" 
"scan" "read.table" "read.csv" "best" 
"scan" "read.table" "read.csv" "best" 
"scan" "read.table" "read.csv" "best" 
"scan" "read.table" "read.csv" "best" 
"scan" "read.table" "read.csv" "best" 
"scan" "read.table" "read.csv" "best" 
"scan" "read.table" "read.csv" "best" 
"scan" "read.table" "read.csv" "best" 
"make.names" "read.table" "read.csv" "best" 
"scan" "read.table" "read.csv" "best" 
"scan" "read.table" "read.csv" "best" 
"scan" "read.table" "read.csv" "best" 
"scan" "read.table" "read.csv" "best" 
"scan" "read.table" "read.csv" "best" 
"scan" "read.table" "read.csv" "best" 
"scan" "read.table" "read.csv" "best" 
"scan" "read.table" "read.csv" "best" 
"scan" "read.table" "read.csv" "best" 
"scan" "read.table" "read.csv" "best" 
"scan" "read.table" "read.csv" "best" 
"scan" "read.table" "read.csv" "best" 
"scan" "read.table" "read.csv" "best" 
"scan" "read.table" "read.csv" "best" 
"scan" "read.table" "read.csv" "best" 
"scan" "read.table" "read.csv" "best" 
"scan" "read.table" "read.csv" "best" 
"scan" "read.table" "read.csv" "best" 
"scan" "read.table" "read.csv" "best" 
"scan" "read.table" "read.csv" "best" 
"scan" "read.table" "read.csv" "best" 
"scan" "read.table" "read.csv" "best" 
"scan" "read.table" "read.csv" "best" 
"scan" "read.table" "read.csv" "best" 
"scan" "read.table" "read.csv" "best" 
"scan" "read.table" "read.csv" "best" 
"scan" "read.table" "read.csv" "best" 
"scan" "read.table" "read.csv" "best" 
"scan" "read.table" "read.csv" "best" 
"scan" "read.table" "read.csv" "best" 
"scan" "read.table" "read.csv" "best" 
"scan" "read.table" "read.csv" "best" 
"scan" "read.table" "read.csv" "best" 
"scan" "read.table" "read.csv" "best" 
"scan" "read.table" "read.csv" "best" 
"scan" "read.table" "read.csv" "best" 
"scan" "read.table" "read.csv" "best" 
"scan" "read.table" "read.csv" "best" 
"[.data.frame" "[" "best" 
"scan" "read.table" "read.csv" "best" 
"scan" "read.table" "read.csv" "best" 
"scan" "read.table" "read.csv" "best" 
"scan" "read.table" "read.csv" "best" 
"scan" "read.table" "read.csv" "best" 
"scan" "read.table" "read.csv" "best" 
"scan" "read.table" "read.csv" "best" 
"scan" "read.table" "read.csv" "best" 
"scan" "read.table" "read.csv" "best" 
"scan" "read.table" "read.csv" "best" 
"scan" "read.table" "read.csv" "best" 
"scan" "read.table" "read.csv" "best" 
"scan" "read.table" "read.csv" "best" 
"scan" "read.table" "read.csv" "best" 
"scan" "read.table" "read.csv" "best" 
"scan" "read.table" "read.csv" "best" 
"scan" "read.table" "read.csv" "best" 
"scan" "read.table" "read.csv" "best" 
"scan" "read.table" "read.csv" "best" 
"scan" "read.table" "read.csv" "best" 
"scan" "read.table" "read.csv" "best" 
"scan" "read.table" "read.csv" "best" 
"scan" "read.table" "read.csv" "best" 
"scan" "read.table" "read.csv" "best" 
"scan" "read.table" "read.csv" "best" 
"scan" "read.table" "read.csv" "best" 
"scan" "read.table" "read.csv" "best" 
"scan" "read.table" "read.csv" "best" 
"scan" "read.table" "read.csv" "best" 
"scan" "read.table" "read.csv" "best" 
"scan" "read.table" "read.csv" "best" 
"existsInFrame" "<Anonymous>" "lazyLoadDBfetch" "fetch" "fun" "lazyLoadDBexec" "tools:::fetchRdDB" ".getHelpFile" "prepare_Rd" "tools::Rd2txt" "print.help_files_with_topic" "<Anonymous>" 
"strwrap" "flushBuffer" "blankLine" "writeSection" "tools::Rd2txt" "print.help_files_with_topic" "<Anonymous>" 
"eval" "?" 
"psub" "unescape" "paste0" "put" "putw" "writeBlock" "writeContent" "writeContent" "writeSection" "tools::Rd2txt" "print.help_files_with_topic" "<Anonymous>" 
"paste0" "put" "putw" "writeBlock" "writeContent" "writeSection" "tools::Rd2txt" "print.help_files_with_topic" "<Anonymous>" 
"ls" "apropos" "normalCompletions" ".completeToken" 
"scan" "read.table" "read.csv" "rankhospital" 
"scan" "read.table" "read.csv" "rankhospital" 
"scan" "read.table" "read.csv" "rankhospital" 
"scan" "read.table" "read.csv" "rankhospital" 
"scan" "read.table" "read.csv" "rankhospital" 
"scan" "read.table" "read.csv" "rankhospital" 
"scan" "read.table" "read.csv" "rankhospital" 
"scan" "read.table" "read.csv" "rankhospital" 
"scan" "read.table" "read.csv" "rankhospital" 
"scan" "read.table" "read.csv" "rankhospital" 
"scan" "read.table" "read.csv" "rankhospital" 
"scan" "read.table" "read.csv" "rankhospital" 
"scan" "read.table" "read.csv" "rankhospital" 
"scan" "read.table" "read.csv" "rankhospital" 
"scan" "read.table" "read.csv" "rankhospital" 
"scan" "read.table" "read.csv" "rankhospital" 
"scan" "read.table" "read.csv" "rankhospital" 
"scan" "read.table" "read.csv" "rankhospital" 
"scan" "read.table" "read.csv" "rankhospital" 
"scan" "read.table" "read.csv" "rankhospital" 
"scan" "read.table" "read.csv" "rankhospital" 
"scan" "read.table" "read.csv" "rankhospital" 
"scan" "read.table" "read.csv" "rankhospital" 
"make.names" "read.table" "read.csv" "rankhospital" 
"scan" "read.table" "read.csv" "rankhospital" 
"scan" "read.table" "read.csv" "rankhospital" 
"scan" "read.table" "read.csv" "rankhospital" 
"scan" "read.table" "read.csv" "rankhospital" 
"scan" "read.table" "read.csv" "rankhospital" 
"scan" "read.table" "read.csv" "rankhospital" 
"scan" "read.table" "read.csv" "rankhospital" 
"scan" "read.table" "read.csv" "rankhospital" 
"match" "%in%" "[[.data.frame" "[[" "[.data.frame" "[" "rankhospital" 
"scan" "read.table" "read.csv" "rankhospital" 
"scan" "read.table" "read.csv" "rankhospital" 
"scan" "read.table" "read.csv" "rankhospital" 
"scan" "read.table" "read.csv" "rankhospital" 
"scan" "read.table" "read.csv" "rankhospital" 
"scan" "read.table" "read.csv" "rankhospital" 
"scan" "read.table" "read.csv" "rankhospital" 
"scan" "read.table" "read.csv" "rankhospital" 
"scan" "read.table" "read.csv" "rankhospital" 
"vapply" "order" "make.names" "read.table" "read.csv" "rankhospital" 
"scan" "read.table" "read.csv" "rankhospital" 
"scan" "read.table" "read.csv" "rankhospital" 
"scan" "read.table" "read.csv" "rankhospital" 
"scan" "read.table" "read.csv" "rankhospital" 
"scan" "read.table" "read.csv" "rankhospital" 
"scan" "read.table" "read.csv" "rankhospital" 
"scan" "read.table" "read.csv" "rankhospital" 
"scan" "read.table" "read.csv" "rankhospital" 
"scan" "read.table" "read.csv" "rankhospital" 
"scan" "read.table" "read.csv" "rankhospital" 
"scan" "read.table" "read.csv" "rankhospital" 
"scan" "read.table" "read.csv" "rankhospital" 
"scan" "read.table" "read.csv" "rankhospital" 
"scan" "read.table" "read.csv" "rankhospital" 
"scan" "read.table" "read.csv" "rankhospital" 
"scan" "read.table" "read.csv" "rankhospital" 
"scan" "read.table" "read.csv" "rankhospital" 
"scan" "read.table" "read.csv" "rankhospital" 
"scan" "read.table" "read.csv" "rankhospital" 
"scan" "read.table" "read.csv" "rankhospital" 
"format.default" "format" "format.data.frame" "as.matrix" "print.data.frame" "<Anonymous>" 
"scan" "read.table" "read.csv" "rankhospital" 
"scan" "read.table" "read.csv" "rankhospital" 
"scan" "read.table" "read.csv" "rankhospital" 
"scan" "read.table" "read.csv" "rankhospital" 
"scan" "read.table" "read.csv" "rankhospital" 
"scan" "read.table" "read.csv" "rankhospital" 
"scan" "read.table" "read.csv" "rankhospital" 
"scan" "read.table" "read.csv" "rankhospital" 
"scan" "read.table" "read.csv" "rankhospital" 
"file" "source" 
"scan" "read.table" "read.csv" "rankhospital" 
"scan" "read.table" "read.csv" "rankhospital" 
"scan" "read.table" "read.csv" "rankhospital" 
"scan" "read.table" "read.csv" "rankhospital" 
"scan" "read.table" "read.csv" "rankhospital" 
"scan" "read.table" "read.csv" "rankhospital" 
"scan" "read.table" "read.csv" "rankhospital" 
"scan" "read.table" "read.csv" "rankhospital" 
"scan" "read.table" "read.csv" "rankhospital" 
"scan" "read.table" "read.csv" "rankhospital" 
"scan" "read.table" "read.csv" "rankhospital" 
"scan" "read.table" "read.csv" "rankhospital" 
"scan" "read.table" "read.csv" "rankhospital" 
"scan" "read.table" "read.csv" "rankhospital" 
"scan" "read.table" "read.csv" "rankhospital" 
"scan" "read.table" "read.csv" "rankhospital" 
"scan" "read.table" "read.csv" "rankhospital" 
"scan" "read.table" "read.csv" "rankhospital" 
"scan" "read.table" "read.csv" "rankhospital" 
"[.data.frame" "[" "rankhospital" 
"scan" "read.table" "read.csv" "rankhospital" 
"scan" "read.table" "read.csv" "rankhospital" 
"scan" "read.table" "read.csv" "rankhospital" 
"scan" "read.table" "read.csv" "rankhospital" 
"scan" "read.table" "read.csv" "rankhospital" 
"scan" "read.table" "read.csv" "rankhospital" 
"scan" "read.table" "read.csv" "rankhospital" 
"scan" "read.table" "read.csv" "rankhospital" 
"scan" "read.table" "read.csv" "rankhospital" 
"[[" "[.data.frame" "[" "rankhospital" 
"scan" "read.table" "read.csv" "rankhospital" 
"scan" "read.table" "read.csv" "rankhospital" 
"scan" "read.table" "read.csv" "rankhospital" 
"scan" "read.table" "read.csv" "rankhospital" 
"scan" "read.table" "read.csv" "rankhospital" 
"scan" "read.table" "read.csv" "rankhospital" 
"scan" "read.table" "read.csv" "rankhospital" 
"scan" "read.table" "read.csv" "rankhospital" 
"scan" "read.table" "read.csv" "rankhospital" 
"make.names" "read.table" "read.csv" "rankhospital" 
"scan" "read.table" "read.csv" "rankhospital" 
"scan" "read.table" "read.csv" "rankhospital" 
"scan" "read.table" "read.csv" "rankhospital" 
"scan" "read.table" "read.csv" "rankhospital" 
"scan" "read.table" "read.csv" "rankhospital" 
"scan" "read.table" "read.csv" "rankhospital" 
"scan" "read.table" "read.csv" "rankhospital" 
"scan" "read.table" "read.csv" "rankhospital" 
"scan" "read.table" "read.csv" "rankhospital" 
"match" "%in%" "[<-.data.frame" "[<-" "rankhospital" 
"unlist" ".S3methods" "methods" "doTryCatch" "tryCatchOne" "tryCatchList" "doTryCatch" "tryCatchOne" "tryCatchList" "tryCatch" "functionArgs" ".completeToken" 
"ls" "match" "%in%" "find" "getAnywhere" "<Anonymous>" "do.call" "FUN" "lapply" "unlist" "unique" "functionArgs" ".completeToken" 
"ls" "match" "%in%" "find" "getAnywhere" "<Anonymous>" "do.call" "FUN" "lapply" "unlist" "unique" "functionArgs" ".completeToken" 
"format" "format.data.frame" "as.matrix" "print.data.frame" "<Anonymous>" 
"<Anonymous>" "[[.data.frame" "[[" "[.data.frame" "[" "head.data.frame" "head" 
"format.default" "format" "format.data.frame" "as.matrix" "print.data.frame" "<Anonymous>" 
"scan" "read.table" "read.csv" "rankhospital" 
"scan" "read.table" "read.csv" "rankhospital" 
"scan" "read.table" "read.csv" "rankhospital" 
"scan" "read.table" "read.csv" "rankhospital" 
"scan" "read.table" "read.csv" "rankhospital" 
"scan" "read.table" "read.csv" "rankhospital" 
"scan" "read.table" "read.csv" "rankhospital" 
"scan" "read.table" "read.csv" "rankhospital" 
"scan" "read.table" "read.csv" "rankhospital" 
"scan" "read.table" "read.csv" "rankhospital" 
"source" 
"scan" "read.table" "read.csv" "rankhospital" 
"scan" "read.table" "read.csv" "rankhospital" 
"scan" "read.table" "read.csv" "rankhospital" 
"scan" "read.table" "read.csv" "rankhospital" 
"scan" "read.table" "read.csv" "rankhospital" 
"scan" "read.table" "read.csv" "rankhospital" 
"scan" "read.table" "read.csv" "rankhospital" 
"scan" "read.table" "read.csv" "rankhospital" 
"scan" "read.table" "read.csv" "rankhospital" 
"scan" "read.table" "read.csv" "rankhospital" 
"scan" "read.table" "read.csv" "rankhospital" 
"scan" "read.table" "read.csv" "rankhospital" 
"[.data.frame" "[" "rankhospital" 
"scan" "read.table" "read.csv" "rankhospital" 
"scan" "read.table" "read.csv" "rankhospital" 
"scan" "read.table" "read.csv" "rankhospital" 
"scan" "read.table" "read.csv" "rankhospital" 
"scan" "read.table" "read.csv" "rankhospital" 
"scan" "read.table" "read.csv" "rankhospital" 
"scan" "read.table" "read.csv" "rankhospital" 
"scan" "read.table" "read.csv" "rankhospital" 
"scan" "read.table" "read.csv" "rankhospital" 
"scan" "read.table" "read.csv" "rankhospital" 
"scan" "read.table" "read.csv" "rankhospital" 
"scan" "read.table" "read.csv" "rankhospital" 
"scan" "read.table" "read.csv" "rankhospital" 
"scan" "read.table" "read.csv" "rankhospital" 
"scan" "read.table" "read.csv" "rankhospital" 
"scan" "read.table" "read.csv" "rankhospital" 
"scan" "read.table" "read.csv" "rankhospital" 
"scan" "read.table" "read.csv" "rankhospital" 
"scan" "read.table" "read.csv" "rankhospital" 
"scan" "read.table" "read.csv" "rankhospital" 
"scan" "read.table" "read.csv" "rankhospital" 
"scan" "read.table" "read.csv" "rankhospital" 
"scan" "read.table" "read.csv" "rankhospital" 
"scan" "read.table" "read.csv" "rankhospital" 
"scan" "read.table" "read.csv" "rankhospital" 
"scan" "read.table" "read.csv" "rankhospital" 
"scan" "read.table" "read.csv" "rankhospital" 
"scan" "read.table" "read.csv" "rankhospital" 
"scan" "read.table" "read.csv" "rankhospital" 
"scan" "read.table" "read.csv" "rankhospital" 
"scan" "read.table" "read.csv" "rankhospital" 
"scan" "read.table" "read.csv" "rankhospital" 
"scan" "read.table" "read.csv" "rankhospital" 
"scan" "read.table" "read.csv" "rankhospital" 
"scan" "read.table" "read.csv" "rankhospital" 
"scan" "read.table" "read.csv" "rankhospital" 
"scan" "read.table" "read.csv" "rankhospital" 
"scan" "read.table" "read.csv" "rankhospital" 
"make.names" "read.table" "read.csv" "rankhospital" 
"scan" "read.table" "read.csv" "rankhospital" 
"scan" "read.table" "read.csv" "rankhospital" 
"scan" "read.table" "read.csv" "rankhospital" 
"scan" "read.table" "read.csv" "rankhospital" 
"scan" "read.table" "read.csv" "rankhospital" 
"scan" "read.table" "read.csv" "rankhospital" 
"scan" "read.table" "read.csv" "rankhospital" 
"scan" "read.table" "read.csv" "rankhospital" 
"scan" "read.table" "read.csv" "rankhospital" 
"file" "source" 
"scan" "read.table" "read.csv" "rankhospital" 
"scan" "read.table" "read.csv" "rankhospital" 
"scan" "read.table" "read.csv" "rankhospital" 
"scan" "read.table" "read.csv" "rankhospital" 
"scan" "read.table" "read.csv" "rankhospital" 
"scan" "read.table" "read.csv" "rankhospital" 
"scan" "read.table" "read.csv" "rankhospital" 
"scan" "read.table" "read.csv" "rankhospital" 
"scan" "read.table" "read.csv" "rankhospital" 
"scan" "read.table" "read.csv" "rankhospital" 
"scan" "read.table" "read.csv" "rankhospital" 
"scan" "read.table" "read.csv" "rankhospital" 
"scan" "read.table" "read.csv" "rankhospital" 
"scan" "read.table" "read.csv" "rankhospital" 
"scan" "read.table" "read.csv" "rankhospital" 
"scan" "read.table" "read.csv" "rankhospital" 
"scan" "read.table" "read.csv" "rankhospital" 
"scan" "read.table" "read.csv" "rankhospital" 
"scan" "read.table" "read.csv" "rankhospital" 
"scan" "read.table" "read.csv" "rankhospital" 
"scan" "read.table" "read.csv" "rankhospital" 
"scan" "read.table" "read.csv" "rankhospital" 
"options" "match" "%in%" "getOption" "file" "read.table" "read.csv" "rankhospital" 
"scan" "read.table" "read.csv" "rankhospital" 
"scan" "read.table" "read.csv" "rankhospital" 
"scan" "read.table" "read.csv" "rankhospital" 
"scan" "read.table" "read.csv" "rankhospital" 
"scan" "read.table" "read.csv" "rankhospital" 
"scan" "read.table" "read.csv" "rankhospital" 
"scan" "read.table" "read.csv" "rankhospital" 
"scan" "read.table" "read.csv" "rankhospital" 
"scan" "read.table" "read.csv" "rankhospital" 
